Using manifest file manifest.yml

Updating app phpapp in org mendix-rnd.com / space experimentation as xiwen.cheng@mendix.com...
OK

Uploading phpapp...
Uploading app files from: /Users/xcheng/projects/fastpush/examples/php
Uploading 708B, 3 files
Done uploading
OK

Stopping app phpapp in org mendix-rnd.com / space experimentation as xiwen.cheng@mendix.com...
OK

Starting app phpapp in org mendix-rnd.com / space experimentation as xiwen.cheng@mendix.com...
Downloading php_buildpack...
Downloaded php_buildpack
Creating container
Successfully created container
-------> Buildpack version 4.3.41
Downloading app package...
Downloading build artifacts cache...
Downloaded app package (565B)
Installing PHP
Installing HTTPD
HTTPD 2.4.27
Downloaded [file:///tmp/buildpacks/ed483e37c1b0d5b580b4e156cb8d935c/dependencies/https___buildpacks.cloudfoundry.org_dependencies_httpd_httpd-2.4.27-linux-x64-ebe06494.tgz] to [/tmp]
PHP 5.6.31
Downloaded [file:///tmp/buildpacks/ed483e37c1b0d5b580b4e156cb8d935c/dependencies/https___buildpacks.cloudfoundry.org_dependencies_php_php-5.6.31-linux-x64-2ed515dd.tgz] to [/tmp]
Finished: [2017-09-13 17:49:38.211952]
Exit status 0
Uploaded build artifacts cache (218B)
Uploading droplet, build artifacts cache...
Uploading build artifacts cache...
Uploading droplet...
Uploaded droplet (57M)
Uploading complete
Stopping instance a4a5b1c1-3f1f-41a7-b97f-7fbc75180bef
Destroying container
Successfully destroyed container

1 of 1 instances running

App started


OK

App phpapp was started using this command `python .bp/bin/start`

Showing health and status for app phpapp in org mendix-rnd.com / space experimentation as xiwen.cheng@mendix.com...
OK

requested state: started
instances: 1/1
usage: 128M x 1 instances
urls: phpapp-gritless-shrapnel.cfapps.io
last uploaded: Wed Sep 13 17:49:24 UTC 2017
stack: cflinuxfs2
buildpack: php_buildpack

     state     since                    cpu    memory          disk             details
#0   running   2017-09-13 07:50:19 PM   0.2%   17.8M of 128M   170.6M of 256M
cf push -f manifest.yml  0.39s user 0.20s system 1% cpu 49.706 total
